build/app/intermediates/manifest_merge_blame_file/debug/manifest-merger-blame-debug-report.txt
1<?xml version="1.0" encoding="utf-8"?>
2<manifest xmlns:android="http://schemas.android.com/apk/res/android"
3    package="com.example.maps_distance_calculator"
4    android:versionCode="1"
5    android:versionName="1.0.0" >
6
7    <uses-sdk
8        android:minSdkVersion="20"
9        android:targetSdkVersion="28" />
10    <!--
11         Flutter needs it to communicate with the running application
12         to allow setting breakpoints, to provide hot reload, etc.
13    -->
14    <uses-permission android:name="android.permission.INTERNET" />
14-->src\debug\AndroidManifest.xml:6:5-66
14-->src\debug\AndroidManifest.xml:6:22-64
15    <!--
16     io.flutter.app.FlutterApplication is an android.app.Application that
17         calls FlutterMain.startInitialization(this); in its onCreate method.
18         In most cases you can leave this as-is, but you if you want to provide
19         additional functionality it is fine to subclass or reimplement
20         FlutterApplication and put your custom class here.
21    -->
22    <!--
23 <uses-permission android:name="android.permission.INTERNET"/>
24    <uses-permission android:name="android.permission.ACCESS_FINE_LOCATION" />
25    -->
26    <uses-permission android:name="android.permission.ACCESS_FINE_LOCATION" />
26-->src\main\AndroidManifest.xml:11:5-79
26-->src\main\AndroidManifest.xml:11:22-76
27    <uses-permission android:name="android.permission.ACCESS_COARSE_LOCATION" />
27-->src\main\AndroidManifest.xml:12:5-81
27-->src\main\AndroidManifest.xml:12:22-78
28
29    <uses-feature
29-->[com.mapbox.mapboxsdk:mapbox-android-sdk:9.2.0] AndroidManifest.xml:9:5-11:35
30        android:glEsVersion="0x00020000"
30-->[com.mapbox.mapboxsdk:mapbox-android-sdk:9.2.0] AndroidManifest.xml:10:9-41
31        android:required="true" />
31-->[com.mapbox.mapboxsdk:mapbox-android-sdk:9.2.0] AndroidManifest.xml:11:9-32
32    <uses-feature
32-->[com.mapbox.mapboxsdk:mapbox-android-sdk:9.2.0] AndroidManifest.xml:12:5-14:36
33        android:name="android.hardware.wifi"
33-->[com.mapbox.mapboxsdk:mapbox-android-sdk:9.2.0] AndroidManifest.xml:13:9-45
34        android:required="false" />
34-->[com.mapbox.mapboxsdk:mapbox-android-sdk:9.2.0] AndroidManifest.xml:14:9-33
35
36    <uses-permission android:name="android.permission.ACCESS_NETWORK_STATE" />
36-->[com.mapbox.mapboxsdk:mapbox-android-sdk:9.2.0] AndroidManifest.xml:17:5-79
36-->[com.mapbox.mapboxsdk:mapbox-android-sdk:9.2.0] AndroidManifest.xml:17:22-76
37    <uses-permission android:name="android.permission.ACCESS_WIFI_STATE" /> <!-- Required for CrashReporterJobIntentService on API levels below 25 -->
37-->[com.mapbox.mapboxsdk:mapbox-android-sdk:9.2.0] AndroidManifest.xml:18:5-76
37-->[com.mapbox.mapboxsdk:mapbox-android-sdk:9.2.0] AndroidManifest.xml:18:22-73
38    <uses-permission android:name="android.permission.WAKE_LOCK" />
38-->[com.mapbox.mapboxsdk:mapbox-android-telemetry:5.0.1] AndroidManifest.xml:12:5-68
38-->[com.mapbox.mapboxsdk:mapbox-android-telemetry:5.0.1] AndroidManifest.xml:12:22-65
39
40    <application
40-->src\main\AndroidManifest.xml:14:5-53:19
41        android:name="io.flutter.app.FlutterApplication"
41-->src\main\AndroidManifest.xml:15:9-57
42        android:appComponentFactory="androidx.core.app.CoreComponentFactory"
42-->[androidx.core:core:1.2.0] AndroidManifest.xml:24:18-86
43        android:debuggable="true"
44        android:icon="@mipmap/ic_launcher"
44-->src\main\AndroidManifest.xml:17:9-43
45        android:label="maps_distance_calculator" >
45-->src\main\AndroidManifest.xml:16:9-49
46        <meta-data
46-->src\main\AndroidManifest.xml:18:9-165
47            android:name="com.mapbox.token"
47-->src\main\AndroidManifest.xml:18:20-51
48            android:value="pk.eyJ1IjoibmltbmltMTA1NDMiLCJhIjoiY2tjNGN2am94MDZuMTJxdDZ4NDNiZG1pcSJ9.TRa9YAhc7KUMsoGSNPNdlw" />
48-->src\main\AndroidManifest.xml:18:52-162
49
50        <activity
50-->src\main\AndroidManifest.xml:19:9-47:20
51            android:name="com.example.maps_distance_calculator.MainActivity"
51-->src\main\AndroidManifest.xml:20:13-41
52            android:configChanges="orientation|keyboardHidden|keyboard|screenSize|smallestScreenSize|locale|layoutDirection|fontScale|screenLayout|density|uiMode"
52-->src\main\AndroidManifest.xml:23:13-163
53            android:hardwareAccelerated="true"
53-->src\main\AndroidManifest.xml:24:13-47
54            android:launchMode="singleTop"
54-->src\main\AndroidManifest.xml:21:13-43
55            android:theme="@style/LaunchTheme"
55-->src\main\AndroidManifest.xml:22:13-47
56            android:windowSoftInputMode="adjustResize" >
56-->src\main\AndroidManifest.xml:25:13-55
57
58            <!--
59                 Specifies an Android theme to apply to this Activity as soon as
60                 the Android process has started. This theme is visible to the user
61                 while the Flutter UI initializes. After that, this theme continues
62                 to determine the Window background behind the Flutter UI.
63            -->
64            <meta-data
64-->src\main\AndroidManifest.xml:30:13-33:17
65                android:name="io.flutter.embedding.android.NormalTheme"
65-->src\main\AndroidManifest.xml:31:15-70
66                android:resource="@style/NormalTheme" />
66-->src\main\AndroidManifest.xml:32:15-52
67            <!--
68                 Displays an Android View that continues showing the launch screen
69                 Drawable until Flutter paints its first frame, then this splash
70                 screen fades out. A splash screen is useful to avoid any visual
71                 gap between the end of Android's launch screen and the painting of
72                 Flutter's first frame.
73            -->
74            <meta-data
74-->src\main\AndroidManifest.xml:39:13-42:17
75                android:name="io.flutter.embedding.android.SplashScreenDrawable"
75-->src\main\AndroidManifest.xml:40:15-79
76                android:resource="@drawable/launch_background" />
76-->src\main\AndroidManifest.xml:41:15-61
77
78            <intent-filter>
78-->src\main\AndroidManifest.xml:43:13-46:29
79                <action android:name="android.intent.action.MAIN" />
79-->src\main\AndroidManifest.xml:44:17-68
79-->src\main\AndroidManifest.xml:44:25-66
80
81                <category android:name="android.intent.category.LAUNCHER" />
81-->src\main\AndroidManifest.xml:45:17-76
81-->src\main\AndroidManifest.xml:45:27-74
82            </intent-filter>
83        </activity>
84        <!--
85             Don't delete the meta-data below.
86             This is used by the Flutter tool to generate GeneratedPluginRegistrant.java
87        -->
88        <meta-data
88-->src\main\AndroidManifest.xml:50:9-52:33
89            android:name="flutterEmbedding"
89-->src\main\AndroidManifest.xml:51:13-44
90            android:value="2" />
90-->src\main\AndroidManifest.xml:52:13-30
91
92        <activity
92-->[com.google.android.gms:play-services-base:17.2.1] AndroidManifest.xml:23:9-26:75
93            android:name="com.google.android.gms.common.api.GoogleApiActivity"
93-->[com.google.android.gms:play-services-base:17.2.1] AndroidManifest.xml:24:13-79
94            android:exported="false"
94-->[com.google.android.gms:play-services-base:17.2.1] AndroidManifest.xml:25:13-37
95            android:theme="@android:style/Theme.Translucent.NoTitleBar" />
95-->[com.google.android.gms:play-services-base:17.2.1] AndroidManifest.xml:26:13-72
96
97        <meta-data
97-->[com.google.android.gms:play-services-basement:17.2.1] AndroidManifest.xml:23:9-25:69
98            android:name="com.google.android.gms.version"
98-->[com.google.android.gms:play-services-basement:17.2.1] AndroidManifest.xml:24:13-58
99            android:value="@integer/google_play_services_version" />
99-->[com.google.android.gms:play-services-basement:17.2.1] AndroidManifest.xml:25:13-66
100
101        <provider
101-->[com.mapbox.mapboxsdk:mapbox-android-telemetry:5.0.1] AndroidManifest.xml:18:9-22:39
102            android:name="com.mapbox.android.telemetry.provider.MapboxTelemetryInitProvider"
102-->[com.mapbox.mapboxsdk:mapbox-android-telemetry:5.0.1] AndroidManifest.xml:19:13-93
103            android:authorities="com.example.maps_distance_calculator.mapboxtelemetryinitprovider"
103-->[com.mapbox.mapboxsdk:mapbox-android-telemetry:5.0.1] AndroidManifest.xml:20:13-79
104            android:exported="false"
104-->[com.mapbox.mapboxsdk:mapbox-android-telemetry:5.0.1] AndroidManifest.xml:21:13-37
105            android:initOrder="100" />
105-->[com.mapbox.mapboxsdk:mapbox-android-telemetry:5.0.1] AndroidManifest.xml:22:13-36
106
107        <service
107-->[com.mapbox.mapboxsdk:mapbox-android-telemetry:5.0.1] AndroidManifest.xml:24:9-26:72
108            android:name="com.mapbox.android.telemetry.errors.ErrorReporterJobIntentService"
108-->[com.mapbox.mapboxsdk:mapbox-android-telemetry:5.0.1] AndroidManifest.xml:25:13-93
109            android:permission="android.permission.BIND_JOB_SERVICE" />
109-->[com.mapbox.mapboxsdk:mapbox-android-telemetry:5.0.1] AndroidManifest.xml:26:13-69
110    </application>
111
112</manifest>